[20:04:54] [Server thread/INFO]: Starting minecraft server version 1.15.2
[20:04:54] [Server thread/INFO]: Loading properties
[20:04:55] [Server thread/INFO]: This server is running CraftBukkit version git-Spigot-8faa8b4-7f61a25 (MC: 1.15.2) (Implementing API version 1.15.2-R0.1-SNAPSHOT)
[20:04:55] [Server thread/INFO]: Debug logging is disabled
[20:04:55] [Server thread/INFO]: Using 4 threads for Netty based IO
[20:04:55] [Server thread/INFO]: Server Ping Player Sample Count: 12
[20:04:55] [Server thread/INFO]: Default game type: SURVIVAL
[20:04:55] [Server thread/INFO]: Generating keypair
[20:04:55] [Server thread/INFO]: Starting Minecraft server on *:25565
[20:04:55] [Server thread/INFO]: Using default channel type
[20:04:59] [Server thread/INFO]: [Essentials] Loading Essentials v2.17.2.0
[20:04:59] [Server thread/INFO]: [EssentialsXMPP] Loading EssentialsXMPP v2.17.2.0
[20:04:59] [Server thread/INFO]: Preparing level "world"
[20:04:59] [Server thread/INFO]: Reloading ResourceManager: Default, bukkit
[20:04:59] [Server thread/INFO]: Loaded 6 recipes
[20:04:59] [Server thread/INFO]: -------- World Settings For [world] --------
[20:04:59] [Server thread/INFO]: View Distance: 10
[20:04:59] [Server thread/INFO]: Zombie Aggressive Towards Villager: true
[20:04:59] [Server thread/INFO]: Item Despawn Rate: 6000
[20:04:59] [Server thread/INFO]: Item Merge Radius: 2.5
[20:04:59] [Server thread/INFO]: Arrow Despawn Rate: 1200 Trident Respawn Rate:1200
[20:04:59] [Server thread/INFO]: Allow Zombie Pigmen to spawn from portal blocks: true
[20:04:59] [Server thread/INFO]: Nerfing mobs spawned from spawners: false
[20:04:59] [Server thread/INFO]: Mob Spawn Range: 6
[20:04:59] [Server thread/INFO]: Cactus Growth Modifier: 100%
[20:04:59] [Server thread/INFO]: Cane Growth Modifier: 100%
[20:04:59] [Server thread/INFO]: Melon Growth Modifier: 100%
[20:04:59] [Server thread/INFO]: Mushroom Growth Modifier: 100%
[20:04:59] [Server thread/INFO]: Pumpkin Growth Modifier: 100%
[20:04:59] [Server thread/INFO]: Sapling Growth Modifier: 100%
[20:04:59] [Server thread/INFO]: Beetroot Growth Modifier: 100%
[20:04:59] [Server thread/INFO]: Carrot Growth Modifier: 100%
[20:04:59] [Server thread/INFO]: Potato Growth Modifier: 100%
[20:04:59] [Server thread/INFO]: Wheat Growth Modifier: 100%
[20:04:59] [Server thread/INFO]: NetherWart Growth Modifier: 100%
[20:04:59] [Server thread/INFO]: Vine Growth Modifier: 100%
[20:04:59] [Server thread/INFO]: Cocoa Growth Modifier: 100%
[20:04:59] [Server thread/INFO]: Bamboo Growth Modifier: 100%
[20:04:59] [Server thread/INFO]: SweetBerry Growth Modifier: 100%
[20:04:59] [Server thread/INFO]: Kelp Growth Modifier: 100%
[20:04:59] [Server thread/INFO]: Experience Merge Radius: 3.0
[20:04:59] [Server thread/INFO]: Hopper Transfer: 8 Hopper Check: 1 Hopper Amount: 1
[20:04:59] [Server thread/INFO]: Entity Activation Range: An 32 / Mo 32 / Ra 48 / Mi 16 / Tiv true
[20:04:59] [Server thread/INFO]: Tile Max Tick Time: 50ms Entity max Tick Time: 50ms
[20:04:59] [Server thread/INFO]: Entity Tracking Range: Pl 48 / An 48 / Mo 48 / Mi 32 / Other 64
[20:04:59] [Server thread/INFO]: Max TNT Explosions: 100
[20:04:59] [Server thread/INFO]: Custom Map Seeds:  Village: 10387312 Desert: 14357617 Igloo: 14357618 Jungle: 14357619 Swamp: 14357620 Monument: 10387313 Ocean: 14357621 Shipwreck: 165745295 Slime: 987234911
[20:05:00] [Server thread/INFO]: -------- World Settings For [world_nether] --------
[20:05:00] [Server thread/INFO]: View Distance: 10
[20:05:00] [Server thread/INFO]: Zombie Aggressive Towards Villager: true
[20:05:00] [Server thread/INFO]: Item Despawn Rate: 6000
[20:05:00] [Server thread/INFO]: Item Merge Radius: 2.5
[20:05:00] [Server thread/INFO]: Arrow Despawn Rate: 1200 Trident Respawn Rate:1200
[20:05:00] [Server thread/INFO]: Allow Zombie Pigmen to spawn from portal blocks: true
[20:05:00] [Server thread/INFO]: Nerfing mobs spawned from spawners: false
[20:05:00] [Server thread/INFO]: Mob Spawn Range: 6
[20:05:00] [Server thread/INFO]: Cactus Growth Modifier: 100%
[20:05:00] [Server thread/INFO]: Cane Growth Modifier: 100%
[20:05:00] [Server thread/INFO]: Melon Growth Modifier: 100%
[20:05:00] [Server thread/INFO]: Mushroom Growth Modifier: 100%
[20:05:00] [Server thread/INFO]: Pumpkin Growth Modifier: 100%
[20:05:00] [Server thread/INFO]: Sapling Growth Modifier: 100%
[20:05:00] [Server thread/INFO]: Beetroot Growth Modifier: 100%
[20:05:00] [Server thread/INFO]: Carrot Growth Modifier: 100%
[20:05:00] [Server thread/INFO]: Potato Growth Modifier: 100%
[20:05:00] [Server thread/INFO]: Wheat Growth Modifier: 100%
[20:05:00] [Server thread/INFO]: NetherWart Growth Modifier: 100%
[20:05:00] [Server thread/INFO]: Vine Growth Modifier: 100%
[20:05:00] [Server thread/INFO]: Cocoa Growth Modifier: 100%
[20:05:00] [Server thread/INFO]: Bamboo Growth Modifier: 100%
[20:05:00] [Server thread/INFO]: SweetBerry Growth Modifier: 100%
[20:05:00] [Server thread/INFO]: Kelp Growth Modifier: 100%
[20:05:00] [Server thread/INFO]: Experience Merge Radius: 3.0
[20:05:00] [Server thread/INFO]: Hopper Transfer: 8 Hopper Check: 1 Hopper Amount: 1
[20:05:00] [Server thread/INFO]: Entity Activation Range: An 32 / Mo 32 / Ra 48 / Mi 16 / Tiv true
[20:05:00] [Server thread/INFO]: Tile Max Tick Time: 50ms Entity max Tick Time: 50ms
[20:05:00] [Server thread/INFO]: Entity Tracking Range: Pl 48 / An 48 / Mo 48 / Mi 32 / Other 64
[20:05:00] [Server thread/INFO]: Max TNT Explosions: 100
[20:05:00] [Server thread/INFO]: Custom Map Seeds:  Village: 10387312 Desert: 14357617 Igloo: 14357618 Jungle: 14357619 Swamp: 14357620 Monument: 10387313 Ocean: 14357621 Shipwreck: 165745295 Slime: 987234911
[20:05:00] [Server thread/INFO]: -------- World Settings For [world_the_end] --------
[20:05:00] [Server thread/INFO]: View Distance: 10
[20:05:00] [Server thread/INFO]: Zombie Aggressive Towards Villager: true
[20:05:00] [Server thread/INFO]: Item Despawn Rate: 6000
[20:05:00] [Server thread/INFO]: Item Merge Radius: 2.5
[20:05:00] [Server thread/INFO]: Arrow Despawn Rate: 1200 Trident Respawn Rate:1200
[20:05:00] [Server thread/INFO]: Allow Zombie Pigmen to spawn from portal blocks: true
[20:05:00] [Server thread/INFO]: Nerfing mobs spawned from spawners: false
[20:05:00] [Server thread/INFO]: Mob Spawn Range: 6
[20:05:00] [Server thread/INFO]: Cactus Growth Modifier: 100%
[20:05:00] [Server thread/INFO]: Cane Growth Modifier: 100%
[20:05:00] [Server thread/INFO]: Melon Growth Modifier: 100%
[20:05:00] [Server thread/INFO]: Mushroom Growth Modifier: 100%
[20:05:00] [Server thread/INFO]: Pumpkin Growth Modifier: 100%
[20:05:00] [Server thread/INFO]: Sapling Growth Modifier: 100%
[20:05:00] [Server thread/INFO]: Beetroot Growth Modifier: 100%
[20:05:00] [Server thread/INFO]: Carrot Growth Modifier: 100%
[20:05:00] [Server thread/INFO]: Potato Growth Modifier: 100%
[20:05:00] [Server thread/INFO]: Wheat Growth Modifier: 100%
[20:05:00] [Server thread/INFO]: NetherWart Growth Modifier: 100%
[20:05:00] [Server thread/INFO]: Vine Growth Modifier: 100%
[20:05:00] [Server thread/INFO]: Cocoa Growth Modifier: 100%
[20:05:00] [Server thread/INFO]: Bamboo Growth Modifier: 100%
[20:05:00] [Server thread/INFO]: SweetBerry Growth Modifier: 100%
[20:05:00] [Server thread/INFO]: Kelp Growth Modifier: 100%
[20:05:00] [Server thread/INFO]: Experience Merge Radius: 3.0
[20:05:00] [Server thread/INFO]: Hopper Transfer: 8 Hopper Check: 1 Hopper Amount: 1
[20:05:00] [Server thread/INFO]: Entity Activation Range: An 32 / Mo 32 / Ra 48 / Mi 16 / Tiv true
[20:05:00] [Server thread/INFO]: Tile Max Tick Time: 50ms Entity max Tick Time: 50ms
[20:05:00] [Server thread/INFO]: Entity Tracking Range: Pl 48 / An 48 / Mo 48 / Mi 32 / Other 64
[20:05:00] [Server thread/INFO]: Max TNT Explosions: 100
[20:05:00] [Server thread/INFO]: Custom Map Seeds:  Village: 10387312 Desert: 14357617 Igloo: 14357618 Jungle: 14357619 Swamp: 14357620 Monument: 10387313 Ocean: 14357621 Shipwreck: 165745295 Slime: 987234911
[20:05:00] [Server thread/INFO]: Preparing start region for dimension 'world'/minecraft:overworld
[20:05:00] [Server thread/INFO]: Preparing spawn area: 0%
[20:05:00] [Server thread/INFO]: Preparing spawn area: 0%
[20:05:02] [Server-Worker-3/INFO]: Preparing spawn area: 83%
[20:05:02] [Server-Worker-4/INFO]: Preparing spawn area: 83%
[20:05:02] [Server-Worker-4/INFO]: Preparing spawn area: 83%
[20:05:02] [Server-Worker-6/INFO]: Preparing spawn area: 95%
[20:05:03] [Server-Worker-5/INFO]: Preparing spawn area: 96%
[20:05:03] [Server thread/INFO]: Time elapsed: 3267 ms
[20:05:03] [Server thread/INFO]: Preparing start region for dimension 'world_nether'/minecraft:the_nether
[20:05:03] [Server thread/INFO]: Preparing spawn area: 0%
[20:05:03] [Server-Worker-3/INFO]: Preparing spawn area: 83%
[20:05:04] [Server-Worker-3/INFO]: Preparing spawn area: 83%
[20:05:04] [Server-Worker-2/INFO]: Preparing spawn area: 88%
[20:05:05] [Server thread/INFO]: Time elapsed: 1798 ms
[20:05:05] [Server thread/INFO]: Preparing start region for dimension 'world_the_end'/minecraft:the_end
[20:05:05] [Server thread/INFO]: Preparing spawn area: 0%
[20:05:05] [Server-Worker-6/INFO]: Preparing spawn area: 83%
[20:05:05] [Server thread/INFO]: Time elapsed: 655 ms
[20:05:05] [Server thread/INFO]: [Essentials] Enabling Essentials v2.17.2.0
[20:05:06] [Server thread/INFO]: [Essentials] Using 1.8.3+ BlockStateMeta provider as mob spawner provider.
[20:05:06] [Server thread/INFO]: [Essentials] Using 1.13+ flat spawn egg provider as spawn egg provider.
[20:05:06] [Server thread/INFO]: [Essentials] Using 1.9+ BasePotionData provider as potion meta provider.
[20:05:06] [Server thread/INFO]: Loaded 21018 items from items.json.
[20:05:06] [Server thread/INFO]: Using locale de_CH
[20:05:06] [Server thread/INFO]: [Essentials] ServerListPingEvent: Spigot iterator API
[20:05:06] [Server thread/INFO]: [Essentials] Starting Metrics. Opt-out using the global bStats config.
[20:05:06] [Server thread/INFO]: [Essentials] Using config file enhanced permissions.
[20:05:06] [Server thread/INFO]: [Essentials] Permissions listed in as player-commands will be given to all users.
[20:05:06] [Server thread/INFO]: [EssentialsXMPP] Enabling EssentialsXMPP v2.17.2.0
[20:05:06] [Server thread/INFO]: Connecting to xmpp server jabber.de:5222 as user kingslandingmc.
[20:05:07] [Server thread/INFO]: Server permissions file permissions.yml is empty, ignoring it
[20:05:08] [Server thread/INFO]: Done (8.867s)! For help, type "help"
[20:05:19] [Smack Packet Reader (0)/WARN]: stream:error (text)
[20:05:19] [Smack Packet Reader (0)/WARN]: 	at org.jivesoftware.smack.PacketReader.parsePackets(PacketReader.java:260)
[20:05:19] [Smack Packet Reader (0)/WARN]: 	at org.jivesoftware.smack.PacketReader.access$000(PacketReader.java:43)
[20:05:19] [Smack Packet Reader (0)/WARN]: 	at org.jivesoftware.smack.PacketReader$1.run(PacketReader.java:70)
[20:05:47] [Smack Packet Reader (0)/WARN]: stream:error (text)
[20:05:47] [Smack Packet Reader (0)/WARN]: 	at org.jivesoftware.smack.PacketReader.parsePackets(PacketReader.java:260)
[20:05:47] [Smack Packet Reader (0)/WARN]: 	at org.jivesoftware.smack.PacketReader.access$000(PacketReader.java:43)
[20:05:47] [Smack Packet Reader (0)/WARN]: 	at org.jivesoftware.smack.PacketReader$1.run(PacketReader.java:70)
[20:06:15] [Smack Packet Reader (0)/WARN]: stream:error (text)
[20:06:15] [Smack Packet Reader (0)/WARN]: 	at org.jivesoftware.smack.PacketReader.parsePackets(PacketReader.java:260)
[20:06:15] [Smack Packet Reader (0)/WARN]: 	at org.jivesoftware.smack.PacketReader.access$000(PacketReader.java:43)
[20:06:15] [Smack Packet Reader (0)/WARN]: 	at org.jivesoftware.smack.PacketReader$1.run(PacketReader.java:70)
[20:06:43] [Smack Packet Reader (0)/WARN]: stream:error (text)
[20:06:43] [Smack Packet Reader (0)/WARN]: 	at org.jivesoftware.smack.PacketReader.parsePackets(PacketReader.java:260)
[20:06:43] [Smack Packet Reader (0)/WARN]: 	at org.jivesoftware.smack.PacketReader.access$000(PacketReader.java:43)
[20:06:43] [Smack Packet Reader (0)/WARN]: 	at org.jivesoftware.smack.PacketReader$1.run(PacketReader.java:70)
[20:07:11] [Smack Packet Reader (0)/WARN]: stream:error (text)
[20:07:11] [Smack Packet Reader (0)/WARN]: 	at org.jivesoftware.smack.PacketReader.parsePackets(PacketReader.java:260)
[20:07:11] [Smack Packet Reader (0)/WARN]: 	at org.jivesoftware.smack.PacketReader.access$000(PacketReader.java:43)
[20:07:11] [Smack Packet Reader (0)/WARN]: 	at org.jivesoftware.smack.PacketReader$1.run(PacketReader.java:70)
[20:07:39] [Smack Packet Reader (0)/WARN]: stream:error (text)
[20:07:39] [Smack Packet Reader (0)/WARN]: 	at org.jivesoftware.smack.PacketReader.parsePackets(PacketReader.java:260)
[20:07:39] [Smack Packet Reader (0)/WARN]: 	at org.jivesoftware.smack.PacketReader.access$000(PacketReader.java:43)
[20:07:39] [Smack Packet Reader (0)/WARN]: 	at org.jivesoftware.smack.PacketReader$1.run(PacketReader.java:70)
[20:08:07] [Smack Packet Reader (0)/WARN]: stream:error (text)
[20:08:07] [Smack Packet Reader (0)/WARN]: 	at org.jivesoftware.smack.PacketReader.parsePackets(PacketReader.java:260)
[20:08:07] [Smack Packet Reader (0)/WARN]: 	at org.jivesoftware.smack.PacketReader.access$000(PacketReader.java:43)
[20:08:07] [Smack Packet Reader (0)/WARN]: 	at org.jivesoftware.smack.PacketReader$1.run(PacketReader.java:70)
[20:08:35] [Smack Packet Reader (0)/WARN]: stream:error (text)
[20:08:35] [Smack Packet Reader (0)/WARN]: 	at org.jivesoftware.smack.PacketReader.parsePackets(PacketReader.java:260)
[20:08:35] [Smack Packet Reader (0)/WARN]: 	at org.jivesoftware.smack.PacketReader.access$000(PacketReader.java:43)
[20:08:35] [Smack Packet Reader (0)/WARN]: 	at org.jivesoftware.smack.PacketReader$1.run(PacketReader.java:70)
[20:09:04] [Smack Packet Reader (0)/WARN]: stream:error (text)
[20:09:04] [Smack Packet Reader (0)/WARN]: 	at org.jivesoftware.smack.PacketReader.parsePackets(PacketReader.java:260)
[20:09:04] [Smack Packet Reader (0)/WARN]: 	at org.jivesoftware.smack.PacketReader.access$000(PacketReader.java:43)
[20:09:04] [Smack Packet Reader (0)/WARN]: 	at org.jivesoftware.smack.PacketReader$1.run(PacketReader.java:70)
